mode: set
Service/service.go:19.39,21.2 1 1
Service/service.go:23.43,26.16 3 1
Service/service.go:26.16,30.3 2 0
Service/service.go:31.2,35.16 4 1
Service/service.go:35.16,37.3 1 1
Service/service.go:39.2,40.17 2 1
Service/service.go:51.43,52.18 1 1
Service/service.go:52.18,54.17 2 1
Service/service.go:54.17,56.4 1 0
Service/service.go:57.3,57.48 1 1
Service/service.go:59.2,59.33 1 1
Service/service.go:61.44,64.16 2 1
Service/service.go:64.16,67.3 2 0
Service/service.go:68.2,69.25 2 1
Service/service.go:69.25,71.3 1 1
Service/service.go:72.2,72.12 1 1
Service/service.go:81.57,83.2 1 1
Service/service.go:85.44,86.22 1 1
Service/service.go:86.22,87.58 1 1
Service/service.go:87.58,88.64 1 1
Service/service.go:88.64,91.5 2 1
Service/service.go:94.2,94.21 1 1
